{
  "className": "car.com.Cars.controller.CarControllerScenarioTest",
  "name": "Car Controller Scenario",
  "scenarios": [
    {
      "className": "car.com.Cars.controller.CarControllerScenarioTest",
      "testMethodName": "no_cars_deleted",
      "description": "no cars deleted",
      "tagIds": [],
      "explicitParameters": [],
      "derivedParameters": [],
      "scenarioCases": [
        {
          "caseNr": 1,
          "steps": [
            {
              "name": "no car exist in db",
              "words": [
                {
                  "value": "Given",
                  "isIntroWord": true
                },
                {
                  "value": "no car exist in db"
                }
              ],
              "status": "PASSED",
              "durationInNanos": 7864900,
              "depth": 0,
              "parentFailed": false
            }
          ],
          "explicitArguments": [],
          "derivedArguments": [],
          "status": "FAILED",
          "errorMessage": "java.lang.IncompatibleClassChangeError: Class com.tngtech.jgiven.impl.inject.ScenarioStateField$1 does not implement the requested interface java.util.function.Function",
          "stackTrace": [
            "java.base/java.util.stream.ReferencePipeline$3$1.accept(ReferencePipeline.java:195)",
            "java.base/java.util.ArrayList$ArrayListSpliterator.forEachRemaining(ArrayList.java:1655)",
            "java.base/java.util.stream.AbstractPipeline.copyInto(AbstractPipeline.java:484)",
            "java.base/java.util.stream.AbstractPipeline.wrapAndCopyInto(AbstractPipeline.java:474)",
            "java.base/java.util.stream.ReduceOps$ReduceOp.evaluateSequential(ReduceOps.java:913)",
            "java.base/java.util.stream.AbstractPipeline.evaluate(AbstractPipeline.java:234)",
            "java.base/java.util.stream.ReferencePipeline.collect(ReferencePipeline.java:578)",
            "com.tngtech.jgiven.impl.inject.ValueInjector.getScenarioFields(ValueInjector.java:73)",
            "com.tngtech.jgiven.impl.inject.ValueInjector.validateFields(ValueInjector.java:45)",
            "com.tngtech.jgiven.impl.inject.ValueInjector.updateValues(ValueInjector.java:102)",
            "com.tngtech.jgiven.impl.ScenarioExecutor.updateScenarioState(ScenarioExecutor.java:239)",
            "com.tngtech.jgiven.impl.ScenarioExecutor.access$500(ScenarioExecutor.java:41)",
            "com.tngtech.jgiven.impl.ScenarioExecutor$StageTransitionHandlerImpl.enterStage(ScenarioExecutor.java:172)",
            "car.com.Cars.controller.BasicModels.WhenBasicModel$ByteBuddy$sIOyNkCc.a_request(Unknown Source)",
            "car.com.Cars.controller.CarControllerScenarioTest.no_cars_deleted(CarControllerScenarioTest.java:71)",
            "java.base/jdk.internal.reflect.NativeMethodAccessorImpl.invoke0(Native Method)",
            "java.base/jdk.internal.reflect.NativeMethodAccessorImpl.invoke(NativeMethodAccessorImpl.java:62)",
            "java.base/jdk.internal.reflect.DelegatingMethodAccessorImpl.invoke(DelegatingMethodAccessorImpl.java:43)",
            "org.junit.platform.commons.util.ReflectionUtils.invokeMethod(ReflectionUtils.java:725)",
            "org.junit.jupiter.engine.execution.MethodInvocation.proceed(MethodInvocation.java:60)",
            "org.junit.jupiter.engine.execution.InvocationInterceptorChain$ValidatingInvocation.proceed(InvocationInterceptorChain.java:131)",
            "org.junit.jupiter.engine.extension.TimeoutExtension.intercept(TimeoutExtension.java:149)",
            "org.junit.jupiter.engine.extension.TimeoutExtension.interceptTestableMethod(TimeoutExtension.java:140)",
            "org.junit.jupiter.engine.extension.TimeoutExtension.interceptTestMethod(TimeoutExtension.java:84)",
            "org.junit.jupiter.engine.execution.ExecutableInvoker$ReflectiveInterceptorCall.lambda$ofVoidMethod$0(ExecutableInvoker.java:115)",
            "org.junit.jupiter.engine.execution.ExecutableInvoker.lambda$invoke$0(ExecutableInvoker.java:105)",
            "org.junit.jupiter.engine.execution.InvocationInterceptorChain$InterceptedInvocation.proceed(InvocationInterceptorChain.java:106)",
            "org.junit.jupiter.engine.execution.InvocationInterceptorChain.proceed(InvocationInterceptorChain.java:64)",
            "org.junit.jupiter.engine.execution.InvocationInterceptorChain.chainAndInvoke(InvocationInterceptorChain.java:45)",
            "org.junit.jupiter.engine.execution.InvocationInterceptorChain.invoke(InvocationInterceptorChain.java:37)",
            "org.junit.jupiter.engine.execution.ExecutableInvoker.invoke(ExecutableInvoker.java:104)",
            "org.junit.jupiter.engine.execution.ExecutableInvoker.invoke(ExecutableInvoker.java:98)",
            "org.junit.jupiter.engine.descriptor.TestMethodTestDescriptor.lambda$invokeTestMethod$7(TestMethodTestDescriptor.java:214)",
            "org.junit.platform.engine.support.hierarchical.ThrowableCollector.execute(ThrowableCollector.java:73)",
            "org.junit.jupiter.engine.descriptor.TestMethodTestDescriptor.invokeTestMethod(TestMethodTestDescriptor.java:210)",
            "org.junit.jupiter.engine.descriptor.TestMethodTestDescriptor.execute(TestMethodTestDescriptor.java:135)",
            "org.junit.jupiter.engine.descriptor.TestMethodTestDescriptor.execute(TestMethodTestDescriptor.java:66)",
            "org.junit.platform.engine.support.hierarchical.NodeTestTask.lambda$executeRecursively$6(NodeTestTask.java:151)",
            "org.junit.platform.engine.support.hierarchical.ThrowableCollector.execute(ThrowableCollector.java:73)",
            "org.junit.platform.engine.support.hierarchical.NodeTestTask.lambda$executeRecursively$8(NodeTestTask.java:141)",
            "org.junit.platform.engine.support.hierarchical.Node.around(Node.java:137)",
            "org.junit.platform.engine.support.hierarchical.NodeTestTask.lambda$executeRecursively$9(NodeTestTask.java:139)",
            "org.junit.platform.engine.support.hierarchical.ThrowableCollector.execute(ThrowableCollector.java:73)",
            "org.junit.platform.engine.support.hierarchical.NodeTestTask.executeRecursively(NodeTestTask.java:138)",
            "org.junit.platform.engine.support.hierarchical.NodeTestTask.execute(NodeTestTask.java:95)",
            "java.base/java.util.ArrayList.forEach(ArrayList.java:1541)",
            "org.junit.platform.engine.support.hierarchical.SameThreadHierarchicalTestExecutorService.invokeAll(SameThreadHierarchicalTestExecutorService.java:41)",
            "org.junit.platform.engine.support.hierarchical.NodeTestTask.lambda$executeRecursively$6(NodeTestTask.java:155)",
            "org.junit.platform.engine.support.hierarchical.ThrowableCollector.execute(ThrowableCollector.java:73)",
            "org.junit.platform.engine.support.hierarchical.NodeTestTask.lambda$executeRecursively$8(NodeTestTask.java:141)",
            "org.junit.platform.engine.support.hierarchical.Node.around(Node.java:137)",
            "org.junit.platform.engine.support.hierarchical.NodeTestTask.lambda$executeRecursively$9(NodeTestTask.java:139)",
            "org.junit.platform.engine.support.hierarchical.ThrowableCollector.execute(ThrowableCollector.java:73)",
            "org.junit.platform.engine.support.hierarchical.NodeTestTask.executeRecursively(NodeTestTask.java:138)",
            "org.junit.platform.engine.support.hierarchical.NodeTestTask.execute(NodeTestTask.java:95)",
            "java.base/java.util.ArrayList.forEach(ArrayList.java:1541)",
            "org.junit.platform.engine.support.hierarchical.SameThreadHierarchicalTestExecutorService.invokeAll(SameThreadHierarchicalTestExecutorService.java:41)",
            "org.junit.platform.engine.support.hierarchical.NodeTestTask.lambda$executeRecursively$6(NodeTestTask.java:155)",
            "org.junit.platform.engine.support.hierarchical.ThrowableCollector.execute(ThrowableCollector.java:73)",
            "org.junit.platform.engine.support.hierarchical.NodeTestTask.lambda$executeRecursively$8(NodeTestTask.java:141)",
            "org.junit.platform.engine.support.hierarchical.Node.around(Node.java:137)",
            "org.junit.platform.engine.support.hierarchical.NodeTestTask.lambda$executeRecursively$9(NodeTestTask.java:139)",
            "org.junit.platform.engine.support.hierarchical.ThrowableCollector.execute(ThrowableCollector.java:73)",
            "org.junit.platform.engine.support.hierarchical.NodeTestTask.executeRecursively(NodeTestTask.java:138)",
            "org.junit.platform.engine.support.hierarchical.NodeTestTask.execute(NodeTestTask.java:95)",
            "org.junit.platform.engine.support.hierarchical.SameThreadHierarchicalTestExecutorService.submit(SameThreadHierarchicalTestExecutorService.java:35)",
            "org.junit.platform.engine.support.hierarchical.HierarchicalTestExecutor.execute(HierarchicalTestExecutor.java:57)",
            "org.junit.platform.engine.support.hierarchical.HierarchicalTestEngine.execute(HierarchicalTestEngine.java:54)",
            "org.junit.platform.launcher.core.EngineExecutionOrchestrator.execute(EngineExecutionOrchestrator.java:107)",
            "org.junit.platform.launcher.core.EngineExecutionOrchestrator.execute(EngineExecutionOrchestrator.java:88)",
            "org.junit.platform.launcher.core.EngineExecutionOrchestrator.lambda$execute$0(EngineExecutionOrchestrator.java:54)",
            "org.junit.platform.launcher.core.EngineExecutionOrchestrator.withInterceptedStreams(EngineExecutionOrchestrator.java:67)",
            "org.junit.platform.launcher.core.EngineExecutionOrchestrator.execute(EngineExecutionOrchestrator.java:52)",
            "org.junit.platform.launcher.core.DefaultLauncher.execute(DefaultLauncher.java:114)",
            "org.junit.platform.launcher.core.DefaultLauncher.execute(DefaultLauncher.java:86)",
            "org.junit.platform.launcher.core.DefaultLauncherSession$DelegatingLauncher.execute(DefaultLauncherSession.java:86)",
            "org.junit.platform.launcher.core.SessionPerRequestLauncher.execute(SessionPerRequestLauncher.java:53)",
            "com.intellij.junit5.JUnit5IdeaTestRunner.startRunnerWithArgs(JUnit5IdeaTestRunner.java:57)",
            "com.intellij.rt.junit.IdeaTestRunner$Repeater$1.execute(IdeaTestRunner.java:38)",
            "com.intellij.rt.execution.junit.TestsRepeater.repeat(TestsRepeater.java:11)",
            "com.intellij.rt.junit.IdeaTestRunner$Repeater.startRunnerWithArgs(IdeaTestRunner.java:35)",
            "com.intellij.rt.junit.JUnitStarter.prepareStreamsAndStart(JUnitStarter.java:235)",
            "com.intellij.rt.junit.JUnitStarter.main(JUnitStarter.java:54)"
          ],
          "durationInNanos": 30740300
        }
      ],
      "casesAsTable": false,
      "durationInNanos": 30740300
    },
    {
      "className": "car.com.Cars.controller.CarControllerScenarioTest",
      "testMethodName": "return_list_of_cars",
      "description": "return list of cars",
      "tagIds": [],
      "explicitParameters": [],
      "derivedParameters": [],
      "scenarioCases": [
        {
          "caseNr": 1,
          "steps": [
            {
              "name": "car exist in db",
              "words": [
                {
                  "value": "Given",
                  "isIntroWord": true
                },
                {
                  "value": "car exist in db"
                }
              ],
              "status": "FAILED",
              "durationInNanos": 1445600,
              "depth": 0,
              "parentFailed": false
            }
          ],
          "explicitArguments": [],
          "derivedArguments": [],
          "status": "FAILED",
          "errorMessage": "java.lang.NullPointerException: null",
          "stackTrace": [
            "car.com.Cars.controller.BasicModels.GivenBasicModel.car_exist_in_db(GivenBasicModel.java:31)",
            "car.com.Cars.controller.BasicModels.GivenBasicModel$ByteBuddy$skHphdhu.car_exist_in_db$accessor$7IxqWBYX(Unknown Source)",
            "car.com.Cars.controller.BasicModels.GivenBasicModel$ByteBuddy$skHphdhu$auxiliary$w6UUchIm.call(Unknown Source)",
            "car.com.Cars.controller.BasicModels.GivenBasicModel$ByteBuddy$skHphdhu.car_exist_in_db(Unknown Source)",
            "car.com.Cars.controller.CarControllerScenarioTest.return_list_of_cars(CarControllerScenarioTest.java:28)",
            "java.base/jdk.internal.reflect.NativeMethodAccessorImpl.invoke0(Native Method)",
            "java.base/jdk.internal.reflect.NativeMethodAccessorImpl.invoke(NativeMethodAccessorImpl.java:62)",
            "java.base/jdk.internal.reflect.DelegatingMethodAccessorImpl.invoke(DelegatingMethodAccessorImpl.java:43)",
            "org.junit.platform.commons.util.ReflectionUtils.invokeMethod(ReflectionUtils.java:725)",
            "org.junit.jupiter.engine.execution.MethodInvocation.proceed(MethodInvocation.java:60)",
            "org.junit.jupiter.engine.execution.InvocationInterceptorChain$ValidatingInvocation.proceed(InvocationInterceptorChain.java:131)",
            "org.junit.jupiter.engine.extension.TimeoutExtension.intercept(TimeoutExtension.java:149)",
            "org.junit.jupiter.engine.extension.TimeoutExtension.interceptTestableMethod(TimeoutExtension.java:140)",
            "org.junit.jupiter.engine.extension.TimeoutExtension.interceptTestMethod(TimeoutExtension.java:84)",
            "org.junit.jupiter.engine.execution.ExecutableInvoker$ReflectiveInterceptorCall.lambda$ofVoidMethod$0(ExecutableInvoker.java:115)",
            "org.junit.jupiter.engine.execution.ExecutableInvoker.lambda$invoke$0(ExecutableInvoker.java:105)",
            "org.junit.jupiter.engine.execution.InvocationInterceptorChain$InterceptedInvocation.proceed(InvocationInterceptorChain.java:106)",
            "org.junit.jupiter.engine.execution.InvocationInterceptorChain.proceed(InvocationInterceptorChain.java:64)",
            "org.junit.jupiter.engine.execution.InvocationInterceptorChain.chainAndInvoke(InvocationInterceptorChain.java:45)",
            "org.junit.jupiter.engine.execution.InvocationInterceptorChain.invoke(InvocationInterceptorChain.java:37)",
            "org.junit.jupiter.engine.execution.ExecutableInvoker.invoke(ExecutableInvoker.java:104)",
            "org.junit.jupiter.engine.execution.ExecutableInvoker.invoke(ExecutableInvoker.java:98)",
            "org.junit.jupiter.engine.descriptor.TestMethodTestDescriptor.lambda$invokeTestMethod$7(TestMethodTestDescriptor.java:214)",
            "org.junit.platform.engine.support.hierarchical.ThrowableCollector.execute(ThrowableCollector.java:73)",
            "org.junit.jupiter.engine.descriptor.TestMethodTestDescriptor.invokeTestMethod(TestMethodTestDescriptor.java:210)",
            "org.junit.jupiter.engine.descriptor.TestMethodTestDescriptor.execute(TestMethodTestDescriptor.java:135)",
            "org.junit.jupiter.engine.descriptor.TestMethodTestDescriptor.execute(TestMethodTestDescriptor.java:66)",
            "org.junit.platform.engine.support.hierarchical.NodeTestTask.lambda$executeRecursively$6(NodeTestTask.java:151)",
            "org.junit.platform.engine.support.hierarchical.ThrowableCollector.execute(ThrowableCollector.java:73)",
            "org.junit.platform.engine.support.hierarchical.NodeTestTask.lambda$executeRecursively$8(NodeTestTask.java:141)",
            "org.junit.platform.engine.support.hierarchical.Node.around(Node.java:137)",
            "org.junit.platform.engine.support.hierarchical.NodeTestTask.lambda$executeRecursively$9(NodeTestTask.java:139)",
            "org.junit.platform.engine.support.hierarchical.ThrowableCollector.execute(ThrowableCollector.java:73)",
            "org.junit.platform.engine.support.hierarchical.NodeTestTask.executeRecursively(NodeTestTask.java:138)",
            "org.junit.platform.engine.support.hierarchical.NodeTestTask.execute(NodeTestTask.java:95)",
            "java.base/java.util.ArrayList.forEach(ArrayList.java:1541)",
            "org.junit.platform.engine.support.hierarchical.SameThreadHierarchicalTestExecutorService.invokeAll(SameThreadHierarchicalTestExecutorService.java:41)",
            "org.junit.platform.engine.support.hierarchical.NodeTestTask.lambda$executeRecursively$6(NodeTestTask.java:155)",
            "org.junit.platform.engine.support.hierarchical.ThrowableCollector.execute(ThrowableCollector.java:73)",
            "org.junit.platform.engine.support.hierarchical.NodeTestTask.lambda$executeRecursively$8(NodeTestTask.java:141)",
            "org.junit.platform.engine.support.hierarchical.Node.around(Node.java:137)",
            "org.junit.platform.engine.support.hierarchical.NodeTestTask.lambda$executeRecursively$9(NodeTestTask.java:139)",
            "org.junit.platform.engine.support.hierarchical.ThrowableCollector.execute(ThrowableCollector.java:73)",
            "org.junit.platform.engine.support.hierarchical.NodeTestTask.executeRecursively(NodeTestTask.java:138)",
            "org.junit.platform.engine.support.hierarchical.NodeTestTask.execute(NodeTestTask.java:95)",
            "java.base/java.util.ArrayList.forEach(ArrayList.java:1541)",
            "org.junit.platform.engine.support.hierarchical.SameThreadHierarchicalTestExecutorService.invokeAll(SameThreadHierarchicalTestExecutorService.java:41)",
            "org.junit.platform.engine.support.hierarchical.NodeTestTask.lambda$executeRecursively$6(NodeTestTask.java:155)",
            "org.junit.platform.engine.support.hierarchical.ThrowableCollector.execute(ThrowableCollector.java:73)",
            "org.junit.platform.engine.support.hierarchical.NodeTestTask.lambda$executeRecursively$8(NodeTestTask.java:141)",
            "org.junit.platform.engine.support.hierarchical.Node.around(Node.java:137)",
            "org.junit.platform.engine.support.hierarchical.NodeTestTask.lambda$executeRecursively$9(NodeTestTask.java:139)",
            "org.junit.platform.engine.support.hierarchical.ThrowableCollector.execute(ThrowableCollector.java:73)",
            "org.junit.platform.engine.support.hierarchical.NodeTestTask.executeRecursively(NodeTestTask.java:138)",
            "org.junit.platform.engine.support.hierarchical.NodeTestTask.execute(NodeTestTask.java:95)",
            "org.junit.platform.engine.support.hierarchical.SameThreadHierarchicalTestExecutorService.submit(SameThreadHierarchicalTestExecutorService.java:35)",
            "org.junit.platform.engine.support.hierarchical.HierarchicalTestExecutor.execute(HierarchicalTestExecutor.java:57)",
            "org.junit.platform.engine.support.hierarchical.HierarchicalTestEngine.execute(HierarchicalTestEngine.java:54)",
            "org.junit.platform.launcher.core.EngineExecutionOrchestrator.execute(EngineExecutionOrchestrator.java:107)",
            "org.junit.platform.launcher.core.EngineExecutionOrchestrator.execute(EngineExecutionOrchestrator.java:88)",
            "org.junit.platform.launcher.core.EngineExecutionOrchestrator.lambda$execute$0(EngineExecutionOrchestrator.java:54)",
            "org.junit.platform.launcher.core.EngineExecutionOrchestrator.withInterceptedStreams(EngineExecutionOrchestrator.java:67)",
            "org.junit.platform.launcher.core.EngineExecutionOrchestrator.execute(EngineExecutionOrchestrator.java:52)",
            "org.junit.platform.launcher.core.DefaultLauncher.execute(DefaultLauncher.java:114)",
            "org.junit.platform.launcher.core.DefaultLauncher.execute(DefaultLauncher.java:86)",
            "org.junit.platform.launcher.core.DefaultLauncherSession$DelegatingLauncher.execute(DefaultLauncherSession.java:86)",
            "org.junit.platform.launcher.core.SessionPerRequestLauncher.execute(SessionPerRequestLauncher.java:53)",
            "com.intellij.junit5.JUnit5IdeaTestRunner.startRunnerWithArgs(JUnit5IdeaTestRunner.java:57)",
            "com.intellij.rt.junit.IdeaTestRunner$Repeater$1.execute(IdeaTestRunner.java:38)",
            "com.intellij.rt.execution.junit.TestsRepeater.repeat(TestsRepeater.java:11)",
            "com.intellij.rt.junit.IdeaTestRunner$Repeater.startRunnerWithArgs(IdeaTestRunner.java:35)",
            "com.intellij.rt.junit.JUnitStarter.prepareStreamsAndStart(JUnitStarter.java:235)",
            "com.intellij.rt.junit.JUnitStarter.main(JUnitStarter.java:54)"
          ],
          "durationInNanos": 7001100
        }
      ],
      "casesAsTable": false,
      "durationInNanos": 7001100
    },
    {
      "className": "car.com.Cars.controller.CarControllerScenarioTest",
      "testMethodName": "return_cars_created",
      "description": "return cars created",
      "tagIds": [],
      "explicitParameters": [],
      "derivedParameters": [],
      "scenarioCases": [
        {
          "caseNr": 1,
          "steps": [
            {
              "name": "no car exist in db",
              "words": [
                {
                  "value": "Given",
                  "isIntroWord": true
                },
                {
                  "value": "no car exist in db"
                }
              ],
              "status": "PASSED",
              "durationInNanos": 197100,
              "depth": 0,
              "parentFailed": false
            }
          ],
          "explicitArguments": [],
          "derivedArguments": [],
          "status": "FAILED",
          "errorMessage": "java.lang.IncompatibleClassChangeError: Class com.tngtech.jgiven.impl.inject.ScenarioStateField$1 does not implement the requested interface java.util.function.Function",
          "stackTrace": [
            "java.base/java.util.stream.ReferencePipeline$3$1.accept(ReferencePipeline.java:195)",
            "java.base/java.util.ArrayList$ArrayListSpliterator.forEachRemaining(ArrayList.java:1655)",
            "java.base/java.util.stream.AbstractPipeline.copyInto(AbstractPipeline.java:484)",
            "java.base/java.util.stream.AbstractPipeline.wrapAndCopyInto(AbstractPipeline.java:474)",
            "java.base/java.util.stream.ReduceOps$ReduceOp.evaluateSequential(ReduceOps.java:913)",
            "java.base/java.util.stream.AbstractPipeline.evaluate(AbstractPipeline.java:234)",
            "java.base/java.util.stream.ReferencePipeline.collect(ReferencePipeline.java:578)",
            "com.tngtech.jgiven.impl.inject.ValueInjector.getScenarioFields(ValueInjector.java:73)",
            "com.tngtech.jgiven.impl.inject.ValueInjector.validateFields(ValueInjector.java:45)",
            "com.tngtech.jgiven.impl.inject.ValueInjector.updateValues(ValueInjector.java:102)",
            "com.tngtech.jgiven.impl.ScenarioExecutor.updateScenarioState(ScenarioExecutor.java:239)",
            "com.tngtech.jgiven.impl.ScenarioExecutor.access$500(ScenarioExecutor.java:41)",
            "com.tngtech.jgiven.impl.ScenarioExecutor$StageTransitionHandlerImpl.enterStage(ScenarioExecutor.java:172)",
            "car.com.Cars.controller.BasicModels.WhenBasicModel$ByteBuddy$sIOyNkCc.a_request(Unknown Source)",
            "car.com.Cars.controller.CarControllerScenarioTest.return_cars_created(CarControllerScenarioTest.java:86)",
            "java.base/jdk.internal.reflect.NativeMethodAccessorImpl.invoke0(Native Method)",
            "java.base/jdk.internal.reflect.NativeMethodAccessorImpl.invoke(NativeMethodAccessorImpl.java:62)",
            "java.base/jdk.internal.reflect.DelegatingMethodAccessorImpl.invoke(DelegatingMethodAccessorImpl.java:43)",
            "org.junit.platform.commons.util.ReflectionUtils.invokeMethod(ReflectionUtils.java:725)",
            "org.junit.jupiter.engine.execution.MethodInvocation.proceed(MethodInvocation.java:60)",
            "org.junit.jupiter.engine.execution.InvocationInterceptorChain$ValidatingInvocation.proceed(InvocationInterceptorChain.java:131)",
            "org.junit.jupiter.engine.extension.TimeoutExtension.intercept(TimeoutExtension.java:149)",
            "org.junit.jupiter.engine.extension.TimeoutExtension.interceptTestableMethod(TimeoutExtension.java:140)",
            "org.junit.jupiter.engine.extension.TimeoutExtension.interceptTestMethod(TimeoutExtension.java:84)",
            "org.junit.jupiter.engine.execution.ExecutableInvoker$ReflectiveInterceptorCall.lambda$ofVoidMethod$0(ExecutableInvoker.java:115)",
            "org.junit.jupiter.engine.execution.ExecutableInvoker.lambda$invoke$0(ExecutableInvoker.java:105)",
            "org.junit.jupiter.engine.execution.InvocationInterceptorChain$InterceptedInvocation.proceed(InvocationInterceptorChain.java:106)",
            "org.junit.jupiter.engine.execution.InvocationInterceptorChain.proceed(InvocationInterceptorChain.java:64)",
            "org.junit.jupiter.engine.execution.InvocationInterceptorChain.chainAndInvoke(InvocationInterceptorChain.java:45)",
            "org.junit.jupiter.engine.execution.InvocationInterceptorChain.invoke(InvocationInterceptorChain.java:37)",
            "org.junit.jupiter.engine.execution.ExecutableInvoker.invoke(ExecutableInvoker.java:104)",
            "org.junit.jupiter.engine.execution.ExecutableInvoker.invoke(ExecutableInvoker.java:98)",
            "org.junit.jupiter.engine.descriptor.TestMethodTestDescriptor.lambda$invokeTestMethod$7(TestMethodTestDescriptor.java:214)",
            "org.junit.platform.engine.support.hierarchical.ThrowableCollector.execute(ThrowableCollector.java:73)",
            "org.junit.jupiter.engine.descriptor.TestMethodTestDescriptor.invokeTestMethod(TestMethodTestDescriptor.java:210)",
            "org.junit.jupiter.engine.descriptor.TestMethodTestDescriptor.execute(TestMethodTestDescriptor.java:135)",
            "org.junit.jupiter.engine.descriptor.TestMethodTestDescriptor.execute(TestMethodTestDescriptor.java:66)",
            "org.junit.platform.engine.support.hierarchical.NodeTestTask.lambda$executeRecursively$6(NodeTestTask.java:151)",
            "org.junit.platform.engine.support.hierarchical.ThrowableCollector.execute(ThrowableCollector.java:73)",
            "org.junit.platform.engine.support.hierarchical.NodeTestTask.lambda$executeRecursively$8(NodeTestTask.java:141)",
            "org.junit.platform.engine.support.hierarchical.Node.around(Node.java:137)",
            "org.junit.platform.engine.support.hierarchical.NodeTestTask.lambda$executeRecursively$9(NodeTestTask.java:139)",
            "org.junit.platform.engine.support.hierarchical.ThrowableCollector.execute(ThrowableCollector.java:73)",
            "org.junit.platform.engine.support.hierarchical.NodeTestTask.executeRecursively(NodeTestTask.java:138)",
            "org.junit.platform.engine.support.hierarchical.NodeTestTask.execute(NodeTestTask.java:95)",
            "java.base/java.util.ArrayList.forEach(ArrayList.java:1541)",
            "org.junit.platform.engine.support.hierarchical.SameThreadHierarchicalTestExecutorService.invokeAll(SameThreadHierarchicalTestExecutorService.java:41)",
            "org.junit.platform.engine.support.hierarchical.NodeTestTask.lambda$executeRecursively$6(NodeTestTask.java:155)",
            "org.junit.platform.engine.support.hierarchical.ThrowableCollector.execute(ThrowableCollector.java:73)",
            "org.junit.platform.engine.support.hierarchical.NodeTestTask.lambda$executeRecursively$8(NodeTestTask.java:141)",
            "org.junit.platform.engine.support.hierarchical.Node.around(Node.java:137)",
            "org.junit.platform.engine.support.hierarchical.NodeTestTask.lambda$executeRecursively$9(NodeTestTask.java:139)",
            "org.junit.platform.engine.support.hierarchical.ThrowableCollector.execute(ThrowableCollector.java:73)",
            "org.junit.platform.engine.support.hierarchical.NodeTestTask.executeRecursively(NodeTestTask.java:138)",
            "org.junit.platform.engine.support.hierarchical.NodeTestTask.execute(NodeTestTask.java:95)",
            "java.base/java.util.ArrayList.forEach(ArrayList.java:1541)",
            "org.junit.platform.engine.support.hierarchical.SameThreadHierarchicalTestExecutorService.invokeAll(SameThreadHierarchicalTestExecutorService.java:41)",
            "org.junit.platform.engine.support.hierarchical.NodeTestTask.lambda$executeRecursively$6(NodeTestTask.java:155)",
            "org.junit.platform.engine.support.hierarchical.ThrowableCollector.execute(ThrowableCollector.java:73)",
            "org.junit.platform.engine.support.hierarchical.NodeTestTask.lambda$executeRecursively$8(NodeTestTask.java:141)",
            "org.junit.platform.engine.support.hierarchical.Node.around(Node.java:137)",
            "org.junit.platform.engine.support.hierarchical.NodeTestTask.lambda$executeRecursively$9(NodeTestTask.java:139)",
            "org.junit.platform.engine.support.hierarchical.ThrowableCollector.execute(ThrowableCollector.java:73)",
            "org.junit.platform.engine.support.hierarchical.NodeTestTask.executeRecursively(NodeTestTask.java:138)",
            "org.junit.platform.engine.support.hierarchical.NodeTestTask.execute(NodeTestTask.java:95)",
            "org.junit.platform.engine.support.hierarchical.SameThreadHierarchicalTestExecutorService.submit(SameThreadHierarchicalTestExecutorService.java:35)",
            "org.junit.platform.engine.support.hierarchical.HierarchicalTestExecutor.execute(HierarchicalTestExecutor.java:57)",
            "org.junit.platform.engine.support.hierarchical.HierarchicalTestEngine.execute(HierarchicalTestEngine.java:54)",
            "org.junit.platform.launcher.core.EngineExecutionOrchestrator.execute(EngineExecutionOrchestrator.java:107)",
            "org.junit.platform.launcher.core.EngineExecutionOrchestrator.execute(EngineExecutionOrchestrator.java:88)",
            "org.junit.platform.launcher.core.EngineExecutionOrchestrator.lambda$execute$0(EngineExecutionOrchestrator.java:54)",
            "org.junit.platform.launcher.core.EngineExecutionOrchestrator.withInterceptedStreams(EngineExecutionOrchestrator.java:67)",
            "org.junit.platform.launcher.core.EngineExecutionOrchestrator.execute(EngineExecutionOrchestrator.java:52)",
            "org.junit.platform.launcher.core.DefaultLauncher.execute(DefaultLauncher.java:114)",
            "org.junit.platform.launcher.core.DefaultLauncher.execute(DefaultLauncher.java:86)",
            "org.junit.platform.launcher.core.DefaultLauncherSession$DelegatingLauncher.execute(DefaultLauncherSession.java:86)",
            "org.junit.platform.launcher.core.SessionPerRequestLauncher.execute(SessionPerRequestLauncher.java:53)",
            "com.intellij.junit5.JUnit5IdeaTestRunner.startRunnerWithArgs(JUnit5IdeaTestRunner.java:57)",
            "com.intellij.rt.junit.IdeaTestRunner$Repeater$1.execute(IdeaTestRunner.java:38)",
            "com.intellij.rt.execution.junit.TestsRepeater.repeat(TestsRepeater.java:11)",
            "com.intellij.rt.junit.IdeaTestRunner$Repeater.startRunnerWithArgs(IdeaTestRunner.java:35)",
            "com.intellij.rt.junit.JUnitStarter.prepareStreamsAndStart(JUnitStarter.java:235)",
            "com.intellij.rt.junit.JUnitStarter.main(JUnitStarter.java:54)"
          ],
          "durationInNanos": 2762600
        }
      ],
      "casesAsTable": false,
      "durationInNanos": 2762600
    },
    {
      "className": "car.com.Cars.controller.CarControllerScenarioTest",
      "testMethodName": "return_updated_field_matches",
      "description": "return updated field matches",
      "tagIds": [],
      "explicitParameters": [],
      "derivedParameters": [],
      "scenarioCases": [
        {
          "caseNr": 1,
          "steps": [
            {
              "name": "car exist in db",
              "words": [
                {
                  "value": "Given",
                  "isIntroWord": true
                },
                {
                  "value": "car exist in db"
                }
              ],
              "status": "FAILED",
              "durationInNanos": 468800,
              "depth": 0,
              "parentFailed": false
            }
          ],
          "explicitArguments": [],
          "derivedArguments": [],
          "status": "FAILED",
          "errorMessage": "java.lang.NullPointerException: null",
          "stackTrace": [
            "car.com.Cars.controller.BasicModels.GivenBasicModel.car_exist_in_db(GivenBasicModel.java:31)",
            "car.com.Cars.controller.BasicModels.GivenBasicModel$ByteBuddy$skHphdhu.car_exist_in_db$accessor$7IxqWBYX(Unknown Source)",
            "car.com.Cars.controller.BasicModels.GivenBasicModel$ByteBuddy$skHphdhu$auxiliary$w6UUchIm.call(Unknown Source)",
            "car.com.Cars.controller.BasicModels.GivenBasicModel$ByteBuddy$skHphdhu.car_exist_in_db(Unknown Source)",
            "car.com.Cars.controller.CarControllerScenarioTest.return_updated_field_matches(CarControllerScenarioTest.java:140)",
            "java.base/jdk.internal.reflect.NativeMethodAccessorImpl.invoke0(Native Method)",
            "java.base/jdk.internal.reflect.NativeMethodAccessorImpl.invoke(NativeMethodAccessorImpl.java:62)",
            "java.base/jdk.internal.reflect.DelegatingMethodAccessorImpl.invoke(DelegatingMethodAccessorImpl.java:43)",
            "org.junit.platform.commons.util.ReflectionUtils.invokeMethod(ReflectionUtils.java:725)",
            "org.junit.jupiter.engine.execution.MethodInvocation.proceed(MethodInvocation.java:60)",
            "org.junit.jupiter.engine.execution.InvocationInterceptorChain$ValidatingInvocation.proceed(InvocationInterceptorChain.java:131)",
            "org.junit.jupiter.engine.extension.TimeoutExtension.intercept(TimeoutExtension.java:149)",
            "org.junit.jupiter.engine.extension.TimeoutExtension.interceptTestableMethod(TimeoutExtension.java:140)",
            "org.junit.jupiter.engine.extension.TimeoutExtension.interceptTestMethod(TimeoutExtension.java:84)",
            "org.junit.jupiter.engine.execution.ExecutableInvoker$ReflectiveInterceptorCall.lambda$ofVoidMethod$0(ExecutableInvoker.java:115)",
            "org.junit.jupiter.engine.execution.ExecutableInvoker.lambda$invoke$0(ExecutableInvoker.java:105)",
            "org.junit.jupiter.engine.execution.InvocationInterceptorChain$InterceptedInvocation.proceed(InvocationInterceptorChain.java:106)",
            "org.junit.jupiter.engine.execution.InvocationInterceptorChain.proceed(InvocationInterceptorChain.java:64)",
            "org.junit.jupiter.engine.execution.InvocationInterceptorChain.chainAndInvoke(InvocationInterceptorChain.java:45)",
            "org.junit.jupiter.engine.execution.InvocationInterceptorChain.invoke(InvocationInterceptorChain.java:37)",
            "org.junit.jupiter.engine.execution.ExecutableInvoker.invoke(ExecutableInvoker.java:104)",
            "org.junit.jupiter.engine.execution.ExecutableInvoker.invoke(ExecutableInvoker.java:98)",
            "org.junit.jupiter.engine.descriptor.TestMethodTestDescriptor.lambda$invokeTestMethod$7(TestMethodTestDescriptor.java:214)",
            "org.junit.platform.engine.support.hierarchical.ThrowableCollector.execute(ThrowableCollector.java:73)",
            "org.junit.jupiter.engine.descriptor.TestMethodTestDescriptor.invokeTestMethod(TestMethodTestDescriptor.java:210)",
            "org.junit.jupiter.engine.descriptor.TestMethodTestDescriptor.execute(TestMethodTestDescriptor.java:135)",
            "org.junit.jupiter.engine.descriptor.TestMethodTestDescriptor.execute(TestMethodTestDescriptor.java:66)",
            "org.junit.platform.engine.support.hierarchical.NodeTestTask.lambda$executeRecursively$6(NodeTestTask.java:151)",
            "org.junit.platform.engine.support.hierarchical.ThrowableCollector.execute(ThrowableCollector.java:73)",
            "org.junit.platform.engine.support.hierarchical.NodeTestTask.lambda$executeRecursively$8(NodeTestTask.java:141)",
            "org.junit.platform.engine.support.hierarchical.Node.around(Node.java:137)",
            "org.junit.platform.engine.support.hierarchical.NodeTestTask.lambda$executeRecursively$9(NodeTestTask.java:139)",
            "org.junit.platform.engine.support.hierarchical.ThrowableCollector.execute(ThrowableCollector.java:73)",
            "org.junit.platform.engine.support.hierarchical.NodeTestTask.executeRecursively(NodeTestTask.java:138)",
            "org.junit.platform.engine.support.hierarchical.NodeTestTask.execute(NodeTestTask.java:95)",
            "java.base/java.util.ArrayList.forEach(ArrayList.java:1541)",
            "org.junit.platform.engine.support.hierarchical.SameThreadHierarchicalTestExecutorService.invokeAll(SameThreadHierarchicalTestExecutorService.java:41)",
            "org.junit.platform.engine.support.hierarchical.NodeTestTask.lambda$executeRecursively$6(NodeTestTask.java:155)",
            "org.junit.platform.engine.support.hierarchical.ThrowableCollector.execute(ThrowableCollector.java:73)",
            "org.junit.platform.engine.support.hierarchical.NodeTestTask.lambda$executeRecursively$8(NodeTestTask.java:141)",
            "org.junit.platform.engine.support.hierarchical.Node.around(Node.java:137)",
            "org.junit.platform.engine.support.hierarchical.NodeTestTask.lambda$executeRecursively$9(NodeTestTask.java:139)",
            "org.junit.platform.engine.support.hierarchical.ThrowableCollector.execute(ThrowableCollector.java:73)",
            "org.junit.platform.engine.support.hierarchical.NodeTestTask.executeRecursively(NodeTestTask.java:138)",
            "org.junit.platform.engine.support.hierarchical.NodeTestTask.execute(NodeTestTask.java:95)",
            "java.base/java.util.ArrayList.forEach(ArrayList.java:1541)",
            "org.junit.platform.engine.support.hierarchical.SameThreadHierarchicalTestExecutorService.invokeAll(SameThreadHierarchicalTestExecutorService.java:41)",
            "org.junit.platform.engine.support.hierarchical.NodeTestTask.lambda$executeRecursively$6(NodeTestTask.java:155)",
            "org.junit.platform.engine.support.hierarchical.ThrowableCollector.execute(ThrowableCollector.java:73)",
            "org.junit.platform.engine.support.hierarchical.NodeTestTask.lambda$executeRecursively$8(NodeTestTask.java:141)",
            "org.junit.platform.engine.support.hierarchical.Node.around(Node.java:137)",
            "org.junit.platform.engine.support.hierarchical.NodeTestTask.lambda$executeRecursively$9(NodeTestTask.java:139)",
            "org.junit.platform.engine.support.hierarchical.ThrowableCollector.execute(ThrowableCollector.java:73)",
            "org.junit.platform.engine.support.hierarchical.NodeTestTask.executeRecursively(NodeTestTask.java:138)",
            "org.junit.platform.engine.support.hierarchical.NodeTestTask.execute(NodeTestTask.java:95)",
            "org.junit.platform.engine.support.hierarchical.SameThreadHierarchicalTestExecutorService.submit(SameThreadHierarchicalTestExecutorService.java:35)",
            "org.junit.platform.engine.support.hierarchical.HierarchicalTestExecutor.execute(HierarchicalTestExecutor.java:57)",
            "org.junit.platform.engine.support.hierarchical.HierarchicalTestEngine.execute(HierarchicalTestEngine.java:54)",
            "org.junit.platform.launcher.core.EngineExecutionOrchestrator.execute(EngineExecutionOrchestrator.java:107)",
            "org.junit.platform.launcher.core.EngineExecutionOrchestrator.execute(EngineExecutionOrchestrator.java:88)",
            "org.junit.platform.launcher.core.EngineExecutionOrchestrator.lambda$execute$0(EngineExecutionOrchestrator.java:54)",
            "org.junit.platform.launcher.core.EngineExecutionOrchestrator.withInterceptedStreams(EngineExecutionOrchestrator.java:67)",
            "org.junit.platform.launcher.core.EngineExecutionOrchestrator.execute(EngineExecutionOrchestrator.java:52)",
            "org.junit.platform.launcher.core.DefaultLauncher.execute(DefaultLauncher.java:114)",
            "org.junit.platform.launcher.core.DefaultLauncher.execute(DefaultLauncher.java:86)",
            "org.junit.platform.launcher.core.DefaultLauncherSession$DelegatingLauncher.execute(DefaultLauncherSession.java:86)",
            "org.junit.platform.launcher.core.SessionPerRequestLauncher.execute(SessionPerRequestLauncher.java:53)",
            "com.intellij.junit5.JUnit5IdeaTestRunner.startRunnerWithArgs(JUnit5IdeaTestRunner.java:57)",
            "com.intellij.rt.junit.IdeaTestRunner$Repeater$1.execute(IdeaTestRunner.java:38)",
            "com.intellij.rt.execution.junit.TestsRepeater.repeat(TestsRepeater.java:11)",
            "com.intellij.rt.junit.IdeaTestRunner$Repeater.startRunnerWithArgs(IdeaTestRunner.java:35)",
            "com.intellij.rt.junit.JUnitStarter.prepareStreamsAndStart(JUnitStarter.java:235)",
            "com.intellij.rt.junit.JUnitStarter.main(JUnitStarter.java:54)"
          ],
          "durationInNanos": 1945400
        }
      ],
      "casesAsTable": false,
      "durationInNanos": 1945400
    },
    {
      "className": "car.com.Cars.controller.CarControllerScenarioTest",
      "testMethodName": "return_deleted_car",
      "description": "return deleted car",
      "tagIds": [],
      "explicitParameters": [],
      "derivedParameters": [],
      "scenarioCases": [
        {
          "caseNr": 1,
          "steps": [
            {
              "name": "car exist in db",
              "words": [
                {
                  "value": "Given",
                  "isIntroWord": true
                },
                {
                  "value": "car exist in db"
                }
              ],
              "status": "FAILED",
              "durationInNanos": 440900,
              "depth": 0,
              "parentFailed": false
            }
          ],
          "explicitArguments": [],
          "derivedArguments": [],
          "status": "FAILED",
          "errorMessage": "java.lang.NullPointerException: null",
          "stackTrace": [
            "car.com.Cars.controller.BasicModels.GivenBasicModel.car_exist_in_db(GivenBasicModel.java:31)",
            "car.com.Cars.controller.BasicModels.GivenBasicModel$ByteBuddy$skHphdhu.car_exist_in_db$accessor$7IxqWBYX(Unknown Source)",
            "car.com.Cars.controller.BasicModels.GivenBasicModel$ByteBuddy$skHphdhu$auxiliary$w6UUchIm.call(Unknown Source)",
            "car.com.Cars.controller.BasicModels.GivenBasicModel$ByteBuddy$skHphdhu.car_exist_in_db(Unknown Source)",
            "car.com.Cars.controller.CarControllerScenarioTest.return_deleted_car(CarControllerScenarioTest.java:56)",
            "java.base/jdk.internal.reflect.NativeMethodAccessorImpl.invoke0(Native Method)",
            "java.base/jdk.internal.reflect.NativeMethodAccessorImpl.invoke(NativeMethodAccessorImpl.java:62)",
            "java.base/jdk.internal.reflect.DelegatingMethodAccessorImpl.invoke(DelegatingMethodAccessorImpl.java:43)",
            "org.junit.platform.commons.util.ReflectionUtils.invokeMethod(ReflectionUtils.java:725)",
            "org.junit.jupiter.engine.execution.MethodInvocation.proceed(MethodInvocation.java:60)",
            "org.junit.jupiter.engine.execution.InvocationInterceptorChain$ValidatingInvocation.proceed(InvocationInterceptorChain.java:131)",
            "org.junit.jupiter.engine.extension.TimeoutExtension.intercept(TimeoutExtension.java:149)",
            "org.junit.jupiter.engine.extension.TimeoutExtension.interceptTestableMethod(TimeoutExtension.java:140)",
            "org.junit.jupiter.engine.extension.TimeoutExtension.interceptTestMethod(TimeoutExtension.java:84)",
            "org.junit.jupiter.engine.execution.ExecutableInvoker$ReflectiveInterceptorCall.lambda$ofVoidMethod$0(ExecutableInvoker.java:115)",
            "org.junit.jupiter.engine.execution.ExecutableInvoker.lambda$invoke$0(ExecutableInvoker.java:105)",
            "org.junit.jupiter.engine.execution.InvocationInterceptorChain$InterceptedInvocation.proceed(InvocationInterceptorChain.java:106)",
            "org.junit.jupiter.engine.execution.InvocationInterceptorChain.proceed(InvocationInterceptorChain.java:64)",
            "org.junit.jupiter.engine.execution.InvocationInterceptorChain.chainAndInvoke(InvocationInterceptorChain.java:45)",
            "org.junit.jupiter.engine.execution.InvocationInterceptorChain.invoke(InvocationInterceptorChain.java:37)",
            "org.junit.jupiter.engine.execution.ExecutableInvoker.invoke(ExecutableInvoker.java:104)",
            "org.junit.jupiter.engine.execution.ExecutableInvoker.invoke(ExecutableInvoker.java:98)",
            "org.junit.jupiter.engine.descriptor.TestMethodTestDescriptor.lambda$invokeTestMethod$7(TestMethodTestDescriptor.java:214)",
            "org.junit.platform.engine.support.hierarchical.ThrowableCollector.execute(ThrowableCollector.java:73)",
            "org.junit.jupiter.engine.descriptor.TestMethodTestDescriptor.invokeTestMethod(TestMethodTestDescriptor.java:210)",
            "org.junit.jupiter.engine.descriptor.TestMethodTestDescriptor.execute(TestMethodTestDescriptor.java:135)",
            "org.junit.jupiter.engine.descriptor.TestMethodTestDescriptor.execute(TestMethodTestDescriptor.java:66)",
            "org.junit.platform.engine.support.hierarchical.NodeTestTask.lambda$executeRecursively$6(NodeTestTask.java:151)",
            "org.junit.platform.engine.support.hierarchical.ThrowableCollector.execute(ThrowableCollector.java:73)",
            "org.junit.platform.engine.support.hierarchical.NodeTestTask.lambda$executeRecursively$8(NodeTestTask.java:141)",
            "org.junit.platform.engine.support.hierarchical.Node.around(Node.java:137)",
            "org.junit.platform.engine.support.hierarchical.NodeTestTask.lambda$executeRecursively$9(NodeTestTask.java:139)",
            "org.junit.platform.engine.support.hierarchical.ThrowableCollector.execute(ThrowableCollector.java:73)",
            "org.junit.platform.engine.support.hierarchical.NodeTestTask.executeRecursively(NodeTestTask.java:138)",
            "org.junit.platform.engine.support.hierarchical.NodeTestTask.execute(NodeTestTask.java:95)",
            "java.base/java.util.ArrayList.forEach(ArrayList.java:1541)",
            "org.junit.platform.engine.support.hierarchical.SameThreadHierarchicalTestExecutorService.invokeAll(SameThreadHierarchicalTestExecutorService.java:41)",
            "org.junit.platform.engine.support.hierarchical.NodeTestTask.lambda$executeRecursively$6(NodeTestTask.java:155)",
            "org.junit.platform.engine.support.hierarchical.ThrowableCollector.execute(ThrowableCollector.java:73)",
            "org.junit.platform.engine.support.hierarchical.NodeTestTask.lambda$executeRecursively$8(NodeTestTask.java:141)",
            "org.junit.platform.engine.support.hierarchical.Node.around(Node.java:137)",
            "org.junit.platform.engine.support.hierarchical.NodeTestTask.lambda$executeRecursively$9(NodeTestTask.java:139)",
            "org.junit.platform.engine.support.hierarchical.ThrowableCollector.execute(ThrowableCollector.java:73)",
            "org.junit.platform.engine.support.hierarchical.NodeTestTask.executeRecursively(NodeTestTask.java:138)",
            "org.junit.platform.engine.support.hierarchical.NodeTestTask.execute(NodeTestTask.java:95)",
            "java.base/java.util.ArrayList.forEach(ArrayList.java:1541)",
            "org.junit.platform.engine.support.hierarchical.SameThreadHierarchicalTestExecutorService.invokeAll(SameThreadHierarchicalTestExecutorService.java:41)",
            "org.junit.platform.engine.support.hierarchical.NodeTestTask.lambda$executeRecursively$6(NodeTestTask.java:155)",
            "org.junit.platform.engine.support.hierarchical.ThrowableCollector.execute(ThrowableCollector.java:73)",
            "org.junit.platform.engine.support.hierarchical.NodeTestTask.lambda$executeRecursively$8(NodeTestTask.java:141)",
            "org.junit.platform.engine.support.hierarchical.Node.around(Node.java:137)",
            "org.junit.platform.engine.support.hierarchical.NodeTestTask.lambda$executeRecursively$9(NodeTestTask.java:139)",
            "org.junit.platform.engine.support.hierarchical.ThrowableCollector.execute(ThrowableCollector.java:73)",
            "org.junit.platform.engine.support.hierarchical.NodeTestTask.executeRecursively(NodeTestTask.java:138)",
            "org.junit.platform.engine.support.hierarchical.NodeTestTask.execute(NodeTestTask.java:95)",
            "org.junit.platform.engine.support.hierarchical.SameThreadHierarchicalTestExecutorService.submit(SameThreadHierarchicalTestExecutorService.java:35)",
            "org.junit.platform.engine.support.hierarchical.HierarchicalTestExecutor.execute(HierarchicalTestExecutor.java:57)",
            "org.junit.platform.engine.support.hierarchical.HierarchicalTestEngine.execute(HierarchicalTestEngine.java:54)",
            "org.junit.platform.launcher.core.EngineExecutionOrchestrator.execute(EngineExecutionOrchestrator.java:107)",
            "org.junit.platform.launcher.core.EngineExecutionOrchestrator.execute(EngineExecutionOrchestrator.java:88)",
            "org.junit.platform.launcher.core.EngineExecutionOrchestrator.lambda$execute$0(EngineExecutionOrchestrator.java:54)",
            "org.junit.platform.launcher.core.EngineExecutionOrchestrator.withInterceptedStreams(EngineExecutionOrchestrator.java:67)",
            "org.junit.platform.launcher.core.EngineExecutionOrchestrator.execute(EngineExecutionOrchestrator.java:52)",
            "org.junit.platform.launcher.core.DefaultLauncher.execute(DefaultLauncher.java:114)",
            "org.junit.platform.launcher.core.DefaultLauncher.execute(DefaultLauncher.java:86)",
            "org.junit.platform.launcher.core.DefaultLauncherSession$DelegatingLauncher.execute(DefaultLauncherSession.java:86)",
            "org.junit.platform.launcher.core.SessionPerRequestLauncher.execute(SessionPerRequestLauncher.java:53)",
            "com.intellij.junit5.JUnit5IdeaTestRunner.startRunnerWithArgs(JUnit5IdeaTestRunner.java:57)",
            "com.intellij.rt.junit.IdeaTestRunner$Repeater$1.execute(IdeaTestRunner.java:38)",
            "com.intellij.rt.execution.junit.TestsRepeater.repeat(TestsRepeater.java:11)",
            "com.intellij.rt.junit.IdeaTestRunner$Repeater.startRunnerWithArgs(IdeaTestRunner.java:35)",
            "com.intellij.rt.junit.JUnitStarter.prepareStreamsAndStart(JUnitStarter.java:235)",
            "com.intellij.rt.junit.JUnitStarter.main(JUnitStarter.java:54)"
          ],
          "durationInNanos": 2048600
        }
      ],
      "casesAsTable": false,
      "durationInNanos": 2048600
    },
    {
      "className": "car.com.Cars.controller.CarControllerScenarioTest",
      "testMethodName": "return_no_updated_car",
      "description": "return no updated car",
      "tagIds": [],
      "explicitParameters": [],
      "derivedParameters": [],
      "scenarioCases": [
        {
          "caseNr": 1,
          "steps": [
            {
              "name": "no car exist in db",
              "words": [
                {
                  "value": "Given",
                  "isIntroWord": true
                },
                {
                  "value": "no car exist in db"
                }
              ],
              "status": "PASSED",
              "durationInNanos": 158600,
              "depth": 0,
              "parentFailed": false
            }
          ],
          "explicitArguments": [],
          "derivedArguments": [],
          "status": "FAILED",
          "errorMessage": "java.lang.IncompatibleClassChangeError: Class com.tngtech.jgiven.impl.inject.ScenarioStateField$1 does not implement the requested interface java.util.function.Function",
          "stackTrace": [
            "java.base/java.util.stream.ReferencePipeline$3$1.accept(ReferencePipeline.java:195)",
            "java.base/java.util.ArrayList$ArrayListSpliterator.forEachRemaining(ArrayList.java:1655)",
            "java.base/java.util.stream.AbstractPipeline.copyInto(AbstractPipeline.java:484)",
            "java.base/java.util.stream.AbstractPipeline.wrapAndCopyInto(AbstractPipeline.java:474)",
            "java.base/java.util.stream.ReduceOps$ReduceOp.evaluateSequential(ReduceOps.java:913)",
            "java.base/java.util.stream.AbstractPipeline.evaluate(AbstractPipeline.java:234)",
            "java.base/java.util.stream.ReferencePipeline.collect(ReferencePipeline.java:578)",
            "com.tngtech.jgiven.impl.inject.ValueInjector.getScenarioFields(ValueInjector.java:73)",
            "com.tngtech.jgiven.impl.inject.ValueInjector.validateFields(ValueInjector.java:45)",
            "com.tngtech.jgiven.impl.inject.ValueInjector.updateValues(ValueInjector.java:102)",
            "com.tngtech.jgiven.impl.ScenarioExecutor.updateScenarioState(ScenarioExecutor.java:239)",
            "com.tngtech.jgiven.impl.ScenarioExecutor.access$500(ScenarioExecutor.java:41)",
            "com.tngtech.jgiven.impl.ScenarioExecutor$StageTransitionHandlerImpl.enterStage(ScenarioExecutor.java:172)",
            "car.com.Cars.controller.BasicModels.WhenBasicModel$ByteBuddy$sIOyNkCc.a_request(Unknown Source)",
            "car.com.Cars.controller.CarControllerScenarioTest.return_no_updated_car(CarControllerScenarioTest.java:123)",
            "java.base/jdk.internal.reflect.NativeMethodAccessorImpl.invoke0(Native Method)",
            "java.base/jdk.internal.reflect.NativeMethodAccessorImpl.invoke(NativeMethodAccessorImpl.java:62)",
            "java.base/jdk.internal.reflect.DelegatingMethodAccessorImpl.invoke(DelegatingMethodAccessorImpl.java:43)",
            "org.junit.platform.commons.util.ReflectionUtils.invokeMethod(ReflectionUtils.java:725)",
            "org.junit.jupiter.engine.execution.MethodInvocation.proceed(MethodInvocation.java:60)",
            "org.junit.jupiter.engine.execution.InvocationInterceptorChain$ValidatingInvocation.proceed(InvocationInterceptorChain.java:131)",
            "org.junit.jupiter.engine.extension.TimeoutExtension.intercept(TimeoutExtension.java:149)",
            "org.junit.jupiter.engine.extension.TimeoutExtension.interceptTestableMethod(TimeoutExtension.java:140)",
            "org.junit.jupiter.engine.extension.TimeoutExtension.interceptTestMethod(TimeoutExtension.java:84)",
            "org.junit.jupiter.engine.execution.ExecutableInvoker$ReflectiveInterceptorCall.lambda$ofVoidMethod$0(ExecutableInvoker.java:115)",
            "org.junit.jupiter.engine.execution.ExecutableInvoker.lambda$invoke$0(ExecutableInvoker.java:105)",
            "org.junit.jupiter.engine.execution.InvocationInterceptorChain$InterceptedInvocation.proceed(InvocationInterceptorChain.java:106)",
            "org.junit.jupiter.engine.execution.InvocationInterceptorChain.proceed(InvocationInterceptorChain.java:64)",
            "org.junit.jupiter.engine.execution.InvocationInterceptorChain.chainAndInvoke(InvocationInterceptorChain.java:45)",
            "org.junit.jupiter.engine.execution.InvocationInterceptorChain.invoke(InvocationInterceptorChain.java:37)",
            "org.junit.jupiter.engine.execution.ExecutableInvoker.invoke(ExecutableInvoker.java:104)",
            "org.junit.jupiter.engine.execution.ExecutableInvoker.invoke(ExecutableInvoker.java:98)",
            "org.junit.jupiter.engine.descriptor.TestMethodTestDescriptor.lambda$invokeTestMethod$7(TestMethodTestDescriptor.java:214)",
            "org.junit.platform.engine.support.hierarchical.ThrowableCollector.execute(ThrowableCollector.java:73)",
            "org.junit.jupiter.engine.descriptor.TestMethodTestDescriptor.invokeTestMethod(TestMethodTestDescriptor.java:210)",
            "org.junit.jupiter.engine.descriptor.TestMethodTestDescriptor.execute(TestMethodTestDescriptor.java:135)",
            "org.junit.jupiter.engine.descriptor.TestMethodTestDescriptor.execute(TestMethodTestDescriptor.java:66)",
            "org.junit.platform.engine.support.hierarchical.NodeTestTask.lambda$executeRecursively$6(NodeTestTask.java:151)",
            "org.junit.platform.engine.support.hierarchical.ThrowableCollector.execute(ThrowableCollector.java:73)",
            "org.junit.platform.engine.support.hierarchical.NodeTestTask.lambda$executeRecursively$8(NodeTestTask.java:141)",
            "org.junit.platform.engine.support.hierarchical.Node.around(Node.java:137)",
            "org.junit.platform.engine.support.hierarchical.NodeTestTask.lambda$executeRecursively$9(NodeTestTask.java:139)",
            "org.junit.platform.engine.support.hierarchical.ThrowableCollector.execute(ThrowableCollector.java:73)",
            "org.junit.platform.engine.support.hierarchical.NodeTestTask.executeRecursively(NodeTestTask.java:138)",
            "org.junit.platform.engine.support.hierarchical.NodeTestTask.execute(NodeTestTask.java:95)",
            "java.base/java.util.ArrayList.forEach(ArrayList.java:1541)",
            "org.junit.platform.engine.support.hierarchical.SameThreadHierarchicalTestExecutorService.invokeAll(SameThreadHierarchicalTestExecutorService.java:41)",
            "org.junit.platform.engine.support.hierarchical.NodeTestTask.lambda$executeRecursively$6(NodeTestTask.java:155)",
            "org.junit.platform.engine.support.hierarchical.ThrowableCollector.execute(ThrowableCollector.java:73)",
            "org.junit.platform.engine.support.hierarchical.NodeTestTask.lambda$executeRecursively$8(NodeTestTask.java:141)",
            "org.junit.platform.engine.support.hierarchical.Node.around(Node.java:137)",
            "org.junit.platform.engine.support.hierarchical.NodeTestTask.lambda$executeRecursively$9(NodeTestTask.java:139)",
            "org.junit.platform.engine.support.hierarchical.ThrowableCollector.execute(ThrowableCollector.java:73)",
            "org.junit.platform.engine.support.hierarchical.NodeTestTask.executeRecursively(NodeTestTask.java:138)",
            "org.junit.platform.engine.support.hierarchical.NodeTestTask.execute(NodeTestTask.java:95)",
            "java.base/java.util.ArrayList.forEach(ArrayList.java:1541)",
            "org.junit.platform.engine.support.hierarchical.SameThreadHierarchicalTestExecutorService.invokeAll(SameThreadHierarchicalTestExecutorService.java:41)",
            "org.junit.platform.engine.support.hierarchical.NodeTestTask.lambda$executeRecursively$6(NodeTestTask.java:155)",
            "org.junit.platform.engine.support.hierarchical.ThrowableCollector.execute(ThrowableCollector.java:73)",
            "org.junit.platform.engine.support.hierarchical.NodeTestTask.lambda$executeRecursively$8(NodeTestTask.java:141)",
            "org.junit.platform.engine.support.hierarchical.Node.around(Node.java:137)",
            "org.junit.platform.engine.support.hierarchical.NodeTestTask.lambda$executeRecursively$9(NodeTestTask.java:139)",
            "org.junit.platform.engine.support.hierarchical.ThrowableCollector.execute(ThrowableCollector.java:73)",
            "org.junit.platform.engine.support.hierarchical.NodeTestTask.executeRecursively(NodeTestTask.java:138)",
            "org.junit.platform.engine.support.hierarchical.NodeTestTask.execute(NodeTestTask.java:95)",
            "org.junit.platform.engine.support.hierarchical.SameThreadHierarchicalTestExecutorService.submit(SameThreadHierarchicalTestExecutorService.java:35)",
            "org.junit.platform.engine.support.hierarchical.HierarchicalTestExecutor.execute(HierarchicalTestExecutor.java:57)",
            "org.junit.platform.engine.support.hierarchical.HierarchicalTestEngine.execute(HierarchicalTestEngine.java:54)",
            "org.junit.platform.launcher.core.EngineExecutionOrchestrator.execute(EngineExecutionOrchestrator.java:107)",
            "org.junit.platform.launcher.core.EngineExecutionOrchestrator.execute(EngineExecutionOrchestrator.java:88)",
            "org.junit.platform.launcher.core.EngineExecutionOrchestrator.lambda$execute$0(EngineExecutionOrchestrator.java:54)",
            "org.junit.platform.launcher.core.EngineExecutionOrchestrator.withInterceptedStreams(EngineExecutionOrchestrator.java:67)",
            "org.junit.platform.launcher.core.EngineExecutionOrchestrator.execute(EngineExecutionOrchestrator.java:52)",
            "org.junit.platform.launcher.core.DefaultLauncher.execute(DefaultLauncher.java:114)",
            "org.junit.platform.launcher.core.DefaultLauncher.execute(DefaultLauncher.java:86)",
            "org.junit.platform.launcher.core.DefaultLauncherSession$DelegatingLauncher.execute(DefaultLauncherSession.java:86)",
            "org.junit.platform.launcher.core.SessionPerRequestLauncher.execute(SessionPerRequestLauncher.java:53)",
            "com.intellij.junit5.JUnit5IdeaTestRunner.startRunnerWithArgs(JUnit5IdeaTestRunner.java:57)",
            "com.intellij.rt.junit.IdeaTestRunner$Repeater$1.execute(IdeaTestRunner.java:38)",
            "com.intellij.rt.execution.junit.TestsRepeater.repeat(TestsRepeater.java:11)",
            "com.intellij.rt.junit.IdeaTestRunner$Repeater.startRunnerWithArgs(IdeaTestRunner.java:35)",
            "com.intellij.rt.junit.JUnitStarter.prepareStreamsAndStart(JUnitStarter.java:235)",
            "com.intellij.rt.junit.JUnitStarter.main(JUnitStarter.java:54)"
          ],
          "durationInNanos": 891600
        }
      ],
      "casesAsTable": false,
      "durationInNanos": 891600
    },
    {
      "className": "car.com.Cars.controller.CarControllerScenarioTest",
      "testMethodName": "return_updated_car",
      "description": "return updated car",
      "tagIds": [],
      "explicitParameters": [],
      "derivedParameters": [],
      "scenarioCases": [
        {
          "caseNr": 1,
          "steps": [
            {
              "name": "car exist in db",
              "words": [
                {
                  "value": "Given",
                  "isIntroWord": true
                },
                {
                  "value": "car exist in db"
                }
              ],
              "status": "FAILED",
              "durationInNanos": 375900,
              "depth": 0,
              "parentFailed": false
            }
          ],
          "explicitArguments": [],
          "derivedArguments": [],
          "status": "FAILED",
          "errorMessage": "java.lang.NullPointerException: null",
          "stackTrace": [
            "car.com.Cars.controller.BasicModels.GivenBasicModel.car_exist_in_db(GivenBasicModel.java:31)",
            "car.com.Cars.controller.BasicModels.GivenBasicModel$ByteBuddy$skHphdhu.car_exist_in_db$accessor$7IxqWBYX(Unknown Source)",
            "car.com.Cars.controller.BasicModels.GivenBasicModel$ByteBuddy$skHphdhu$auxiliary$w6UUchIm.call(Unknown Source)",
            "car.com.Cars.controller.BasicModels.GivenBasicModel$ByteBuddy$skHphdhu.car_exist_in_db(Unknown Source)",
            "car.com.Cars.controller.CarControllerScenarioTest.return_updated_car(CarControllerScenarioTest.java:104)",
            "java.base/jdk.internal.reflect.NativeMethodAccessorImpl.invoke0(Native Method)",
            "java.base/jdk.internal.reflect.NativeMethodAccessorImpl.invoke(NativeMethodAccessorImpl.java:62)",
            "java.base/jdk.internal.reflect.DelegatingMethodAccessorImpl.invoke(DelegatingMethodAccessorImpl.java:43)",
            "org.junit.platform.commons.util.ReflectionUtils.invokeMethod(ReflectionUtils.java:725)",
            "org.junit.jupiter.engine.execution.MethodInvocation.proceed(MethodInvocation.java:60)",
            "org.junit.jupiter.engine.execution.InvocationInterceptorChain$ValidatingInvocation.proceed(InvocationInterceptorChain.java:131)",
            "org.junit.jupiter.engine.extension.TimeoutExtension.intercept(TimeoutExtension.java:149)",
            "org.junit.jupiter.engine.extension.TimeoutExtension.interceptTestableMethod(TimeoutExtension.java:140)",
            "org.junit.jupiter.engine.extension.TimeoutExtension.interceptTestMethod(TimeoutExtension.java:84)",
            "org.junit.jupiter.engine.execution.ExecutableInvoker$ReflectiveInterceptorCall.lambda$ofVoidMethod$0(ExecutableInvoker.java:115)",
            "org.junit.jupiter.engine.execution.ExecutableInvoker.lambda$invoke$0(ExecutableInvoker.java:105)",
            "org.junit.jupiter.engine.execution.InvocationInterceptorChain$InterceptedInvocation.proceed(InvocationInterceptorChain.java:106)",
            "org.junit.jupiter.engine.execution.InvocationInterceptorChain.proceed(InvocationInterceptorChain.java:64)",
            "org.junit.jupiter.engine.execution.InvocationInterceptorChain.chainAndInvoke(InvocationInterceptorChain.java:45)",
            "org.junit.jupiter.engine.execution.InvocationInterceptorChain.invoke(InvocationInterceptorChain.java:37)",
            "org.junit.jupiter.engine.execution.ExecutableInvoker.invoke(ExecutableInvoker.java:104)",
            "org.junit.jupiter.engine.execution.ExecutableInvoker.invoke(ExecutableInvoker.java:98)",
            "org.junit.jupiter.engine.descriptor.TestMethodTestDescriptor.lambda$invokeTestMethod$7(TestMethodTestDescriptor.java:214)",
            "org.junit.platform.engine.support.hierarchical.ThrowableCollector.execute(ThrowableCollector.java:73)",
            "org.junit.jupiter.engine.descriptor.TestMethodTestDescriptor.invokeTestMethod(TestMethodTestDescriptor.java:210)",
            "org.junit.jupiter.engine.descriptor.TestMethodTestDescriptor.execute(TestMethodTestDescriptor.java:135)",
            "org.junit.jupiter.engine.descriptor.TestMethodTestDescriptor.execute(TestMethodTestDescriptor.java:66)",
            "org.junit.platform.engine.support.hierarchical.NodeTestTask.lambda$executeRecursively$6(NodeTestTask.java:151)",
            "org.junit.platform.engine.support.hierarchical.ThrowableCollector.execute(ThrowableCollector.java:73)",
            "org.junit.platform.engine.support.hierarchical.NodeTestTask.lambda$executeRecursively$8(NodeTestTask.java:141)",
            "org.junit.platform.engine.support.hierarchical.Node.around(Node.java:137)",
            "org.junit.platform.engine.support.hierarchical.NodeTestTask.lambda$executeRecursively$9(NodeTestTask.java:139)",
            "org.junit.platform.engine.support.hierarchical.ThrowableCollector.execute(ThrowableCollector.java:73)",
            "org.junit.platform.engine.support.hierarchical.NodeTestTask.executeRecursively(NodeTestTask.java:138)",
            "org.junit.platform.engine.support.hierarchical.NodeTestTask.execute(NodeTestTask.java:95)",
            "java.base/java.util.ArrayList.forEach(ArrayList.java:1541)",
            "org.junit.platform.engine.support.hierarchical.SameThreadHierarchicalTestExecutorService.invokeAll(SameThreadHierarchicalTestExecutorService.java:41)",
            "org.junit.platform.engine.support.hierarchical.NodeTestTask.lambda$executeRecursively$6(NodeTestTask.java:155)",
            "org.junit.platform.engine.support.hierarchical.ThrowableCollector.execute(ThrowableCollector.java:73)",
            "org.junit.platform.engine.support.hierarchical.NodeTestTask.lambda$executeRecursively$8(NodeTestTask.java:141)",
            "org.junit.platform.engine.support.hierarchical.Node.around(Node.java:137)",
            "org.junit.platform.engine.support.hierarchical.NodeTestTask.lambda$executeRecursively$9(NodeTestTask.java:139)",
            "org.junit.platform.engine.support.hierarchical.ThrowableCollector.execute(ThrowableCollector.java:73)",
            "org.junit.platform.engine.support.hierarchical.NodeTestTask.executeRecursively(NodeTestTask.java:138)",
            "org.junit.platform.engine.support.hierarchical.NodeTestTask.execute(NodeTestTask.java:95)",
            "java.base/java.util.ArrayList.forEach(ArrayList.java:1541)",
            "org.junit.platform.engine.support.hierarchical.SameThreadHierarchicalTestExecutorService.invokeAll(SameThreadHierarchicalTestExecutorService.java:41)",
            "org.junit.platform.engine.support.hierarchical.NodeTestTask.lambda$executeRecursively$6(NodeTestTask.java:155)",
            "org.junit.platform.engine.support.hierarchical.ThrowableCollector.execute(ThrowableCollector.java:73)",
            "org.junit.platform.engine.support.hierarchical.NodeTestTask.lambda$executeRecursively$8(NodeTestTask.java:141)",
            "org.junit.platform.engine.support.hierarchical.Node.around(Node.java:137)",
            "org.junit.platform.engine.support.hierarchical.NodeTestTask.lambda$executeRecursively$9(NodeTestTask.java:139)",
            "org.junit.platform.engine.support.hierarchical.ThrowableCollector.execute(ThrowableCollector.java:73)",
            "org.junit.platform.engine.support.hierarchical.NodeTestTask.executeRecursively(NodeTestTask.java:138)",
            "org.junit.platform.engine.support.hierarchical.NodeTestTask.execute(NodeTestTask.java:95)",
            "org.junit.platform.engine.support.hierarchical.SameThreadHierarchicalTestExecutorService.submit(SameThreadHierarchicalTestExecutorService.java:35)",
            "org.junit.platform.engine.support.hierarchical.HierarchicalTestExecutor.execute(HierarchicalTestExecutor.java:57)",
            "org.junit.platform.engine.support.hierarchical.HierarchicalTestEngine.execute(HierarchicalTestEngine.java:54)",
            "org.junit.platform.launcher.core.EngineExecutionOrchestrator.execute(EngineExecutionOrchestrator.java:107)",
            "org.junit.platform.launcher.core.EngineExecutionOrchestrator.execute(EngineExecutionOrchestrator.java:88)",
            "org.junit.platform.launcher.core.EngineExecutionOrchestrator.lambda$execute$0(EngineExecutionOrchestrator.java:54)",
            "org.junit.platform.launcher.core.EngineExecutionOrchestrator.withInterceptedStreams(EngineExecutionOrchestrator.java:67)",
            "org.junit.platform.launcher.core.EngineExecutionOrchestrator.execute(EngineExecutionOrchestrator.java:52)",
            "org.junit.platform.launcher.core.DefaultLauncher.execute(DefaultLauncher.java:114)",
            "org.junit.platform.launcher.core.DefaultLauncher.execute(DefaultLauncher.java:86)",
            "org.junit.platform.launcher.core.DefaultLauncherSession$DelegatingLauncher.execute(DefaultLauncherSession.java:86)",
            "org.junit.platform.launcher.core.SessionPerRequestLauncher.execute(SessionPerRequestLauncher.java:53)",
            "com.intellij.junit5.JUnit5IdeaTestRunner.startRunnerWithArgs(JUnit5IdeaTestRunner.java:57)",
            "com.intellij.rt.junit.IdeaTestRunner$Repeater$1.execute(IdeaTestRunner.java:38)",
            "com.intellij.rt.execution.junit.TestsRepeater.repeat(TestsRepeater.java:11)",
            "com.intellij.rt.junit.IdeaTestRunner$Repeater.startRunnerWithArgs(IdeaTestRunner.java:35)",
            "com.intellij.rt.junit.JUnitStarter.prepareStreamsAndStart(JUnitStarter.java:235)",
            "com.intellij.rt.junit.JUnitStarter.main(JUnitStarter.java:54)"
          ],
          "durationInNanos": 2118900
        }
      ],
      "casesAsTable": false,
      "durationInNanos": 2118900
    },
    {
      "className": "car.com.Cars.controller.CarControllerScenarioTest",
      "testMethodName": "no_list_of_cars_return",
      "description": "no list of cars return",
      "tagIds": [],
      "explicitParameters": [],
      "derivedParameters": [],
      "scenarioCases": [
        {
          "caseNr": 1,
          "steps": [
            {
              "name": "no car exist in db",
              "words": [
                {
                  "value": "Given",
                  "isIntroWord": true
                },
                {
                  "value": "no car exist in db"
                }
              ],
              "status": "PASSED",
              "durationInNanos": 174500,
              "depth": 0,
              "parentFailed": false
            }
          ],
          "explicitArguments": [],
          "derivedArguments": [],
          "status": "FAILED",
          "errorMessage": "java.lang.IncompatibleClassChangeError: Class com.tngtech.jgiven.impl.inject.ScenarioStateField$1 does not implement the requested interface java.util.function.Function",
          "stackTrace": [
            "java.base/java.util.stream.ReferencePipeline$3$1.accept(ReferencePipeline.java:195)",
            "java.base/java.util.ArrayList$ArrayListSpliterator.forEachRemaining(ArrayList.java:1655)",
            "java.base/java.util.stream.AbstractPipeline.copyInto(AbstractPipeline.java:484)",
            "java.base/java.util.stream.AbstractPipeline.wrapAndCopyInto(AbstractPipeline.java:474)",
            "java.base/java.util.stream.ReduceOps$ReduceOp.evaluateSequential(ReduceOps.java:913)",
            "java.base/java.util.stream.AbstractPipeline.evaluate(AbstractPipeline.java:234)",
            "java.base/java.util.stream.ReferencePipeline.collect(ReferencePipeline.java:578)",
            "com.tngtech.jgiven.impl.inject.ValueInjector.getScenarioFields(ValueInjector.java:73)",
            "com.tngtech.jgiven.impl.inject.ValueInjector.validateFields(ValueInjector.java:45)",
            "com.tngtech.jgiven.impl.inject.ValueInjector.updateValues(ValueInjector.java:102)",
            "com.tngtech.jgiven.impl.ScenarioExecutor.updateScenarioState(ScenarioExecutor.java:239)",
            "com.tngtech.jgiven.impl.ScenarioExecutor.access$500(ScenarioExecutor.java:41)",
            "com.tngtech.jgiven.impl.ScenarioExecutor$StageTransitionHandlerImpl.enterStage(ScenarioExecutor.java:172)",
            "car.com.Cars.controller.BasicModels.WhenBasicModel$ByteBuddy$sIOyNkCc.a_request(Unknown Source)",
            "car.com.Cars.controller.CarControllerScenarioTest.no_list_of_cars_return(CarControllerScenarioTest.java:43)",
            "java.base/jdk.internal.reflect.NativeMethodAccessorImpl.invoke0(Native Method)",
            "java.base/jdk.internal.reflect.NativeMethodAccessorImpl.invoke(NativeMethodAccessorImpl.java:62)",
            "java.base/jdk.internal.reflect.DelegatingMethodAccessorImpl.invoke(DelegatingMethodAccessorImpl.java:43)",
            "org.junit.platform.commons.util.ReflectionUtils.invokeMethod(ReflectionUtils.java:725)",
            "org.junit.jupiter.engine.execution.MethodInvocation.proceed(MethodInvocation.java:60)",
            "org.junit.jupiter.engine.execution.InvocationInterceptorChain$ValidatingInvocation.proceed(InvocationInterceptorChain.java:131)",
            "org.junit.jupiter.engine.extension.TimeoutExtension.intercept(TimeoutExtension.java:149)",
            "org.junit.jupiter.engine.extension.TimeoutExtension.interceptTestableMethod(TimeoutExtension.java:140)",
            "org.junit.jupiter.engine.extension.TimeoutExtension.interceptTestMethod(TimeoutExtension.java:84)",
            "org.junit.jupiter.engine.execution.ExecutableInvoker$ReflectiveInterceptorCall.lambda$ofVoidMethod$0(ExecutableInvoker.java:115)",
            "org.junit.jupiter.engine.execution.ExecutableInvoker.lambda$invoke$0(ExecutableInvoker.java:105)",
            "org.junit.jupiter.engine.execution.InvocationInterceptorChain$InterceptedInvocation.proceed(InvocationInterceptorChain.java:106)",
            "org.junit.jupiter.engine.execution.InvocationInterceptorChain.proceed(InvocationInterceptorChain.java:64)",
            "org.junit.jupiter.engine.execution.InvocationInterceptorChain.chainAndInvoke(InvocationInterceptorChain.java:45)",
            "org.junit.jupiter.engine.execution.InvocationInterceptorChain.invoke(InvocationInterceptorChain.java:37)",
            "org.junit.jupiter.engine.execution.ExecutableInvoker.invoke(ExecutableInvoker.java:104)",
            "org.junit.jupiter.engine.execution.ExecutableInvoker.invoke(ExecutableInvoker.java:98)",
            "org.junit.jupiter.engine.descriptor.TestMethodTestDescriptor.lambda$invokeTestMethod$7(TestMethodTestDescriptor.java:214)",
            "org.junit.platform.engine.support.hierarchical.ThrowableCollector.execute(ThrowableCollector.java:73)",
            "org.junit.jupiter.engine.descriptor.TestMethodTestDescriptor.invokeTestMethod(TestMethodTestDescriptor.java:210)",
            "org.junit.jupiter.engine.descriptor.TestMethodTestDescriptor.execute(TestMethodTestDescriptor.java:135)",
            "org.junit.jupiter.engine.descriptor.TestMethodTestDescriptor.execute(TestMethodTestDescriptor.java:66)",
            "org.junit.platform.engine.support.hierarchical.NodeTestTask.lambda$executeRecursively$6(NodeTestTask.java:151)",
            "org.junit.platform.engine.support.hierarchical.ThrowableCollector.execute(ThrowableCollector.java:73)",
            "org.junit.platform.engine.support.hierarchical.NodeTestTask.lambda$executeRecursively$8(NodeTestTask.java:141)",
            "org.junit.platform.engine.support.hierarchical.Node.around(Node.java:137)",
            "org.junit.platform.engine.support.hierarchical.NodeTestTask.lambda$executeRecursively$9(NodeTestTask.java:139)",
            "org.junit.platform.engine.support.hierarchical.ThrowableCollector.execute(ThrowableCollector.java:73)",
            "org.junit.platform.engine.support.hierarchical.NodeTestTask.executeRecursively(NodeTestTask.java:138)",
            "org.junit.platform.engine.support.hierarchical.NodeTestTask.execute(NodeTestTask.java:95)",
            "java.base/java.util.ArrayList.forEach(ArrayList.java:1541)",
            "org.junit.platform.engine.support.hierarchical.SameThreadHierarchicalTestExecutorService.invokeAll(SameThreadHierarchicalTestExecutorService.java:41)",
            "org.junit.platform.engine.support.hierarchical.NodeTestTask.lambda$executeRecursively$6(NodeTestTask.java:155)",
            "org.junit.platform.engine.support.hierarchical.ThrowableCollector.execute(ThrowableCollector.java:73)",
            "org.junit.platform.engine.support.hierarchical.NodeTestTask.lambda$executeRecursively$8(NodeTestTask.java:141)",
            "org.junit.platform.engine.support.hierarchical.Node.around(Node.java:137)",
            "org.junit.platform.engine.support.hierarchical.NodeTestTask.lambda$executeRecursively$9(NodeTestTask.java:139)",
            "org.junit.platform.engine.support.hierarchical.ThrowableCollector.execute(ThrowableCollector.java:73)",
            "org.junit.platform.engine.support.hierarchical.NodeTestTask.executeRecursively(NodeTestTask.java:138)",
            "org.junit.platform.engine.support.hierarchical.NodeTestTask.execute(NodeTestTask.java:95)",
            "java.base/java.util.ArrayList.forEach(ArrayList.java:1541)",
            "org.junit.platform.engine.support.hierarchical.SameThreadHierarchicalTestExecutorService.invokeAll(SameThreadHierarchicalTestExecutorService.java:41)",
            "org.junit.platform.engine.support.hierarchical.NodeTestTask.lambda$executeRecursively$6(NodeTestTask.java:155)",
            "org.junit.platform.engine.support.hierarchical.ThrowableCollector.execute(ThrowableCollector.java:73)",
            "org.junit.platform.engine.support.hierarchical.NodeTestTask.lambda$executeRecursively$8(NodeTestTask.java:141)",
            "org.junit.platform.engine.support.hierarchical.Node.around(Node.java:137)",
            "org.junit.platform.engine.support.hierarchical.NodeTestTask.lambda$executeRecursively$9(NodeTestTask.java:139)",
            "org.junit.platform.engine.support.hierarchical.ThrowableCollector.execute(ThrowableCollector.java:73)",
            "org.junit.platform.engine.support.hierarchical.NodeTestTask.executeRecursively(NodeTestTask.java:138)",
            "org.junit.platform.engine.support.hierarchical.NodeTestTask.execute(NodeTestTask.java:95)",
            "org.junit.platform.engine.support.hierarchical.SameThreadHierarchicalTestExecutorService.submit(SameThreadHierarchicalTestExecutorService.java:35)",
            "org.junit.platform.engine.support.hierarchical.HierarchicalTestExecutor.execute(HierarchicalTestExecutor.java:57)",
            "org.junit.platform.engine.support.hierarchical.HierarchicalTestEngine.execute(HierarchicalTestEngine.java:54)",
            "org.junit.platform.launcher.core.EngineExecutionOrchestrator.execute(EngineExecutionOrchestrator.java:107)",
            "org.junit.platform.launcher.core.EngineExecutionOrchestrator.execute(EngineExecutionOrchestrator.java:88)",
            "org.junit.platform.launcher.core.EngineExecutionOrchestrator.lambda$execute$0(EngineExecutionOrchestrator.java:54)",
            "org.junit.platform.launcher.core.EngineExecutionOrchestrator.withInterceptedStreams(EngineExecutionOrchestrator.java:67)",
            "org.junit.platform.launcher.core.EngineExecutionOrchestrator.execute(EngineExecutionOrchestrator.java:52)",
            "org.junit.platform.launcher.core.DefaultLauncher.execute(DefaultLauncher.java:114)",
            "org.junit.platform.launcher.core.DefaultLauncher.execute(DefaultLauncher.java:86)",
            "org.junit.platform.launcher.core.DefaultLauncherSession$DelegatingLauncher.execute(DefaultLauncherSession.java:86)",
            "org.junit.platform.launcher.core.SessionPerRequestLauncher.execute(SessionPerRequestLauncher.java:53)",
            "com.intellij.junit5.JUnit5IdeaTestRunner.startRunnerWithArgs(JUnit5IdeaTestRunner.java:57)",
            "com.intellij.rt.junit.IdeaTestRunner$Repeater$1.execute(IdeaTestRunner.java:38)",
            "com.intellij.rt.execution.junit.TestsRepeater.repeat(TestsRepeater.java:11)",
            "com.intellij.rt.junit.IdeaTestRunner$Repeater.startRunnerWithArgs(IdeaTestRunner.java:35)",
            "com.intellij.rt.junit.JUnitStarter.prepareStreamsAndStart(JUnitStarter.java:235)",
            "com.intellij.rt.junit.JUnitStarter.main(JUnitStarter.java:54)"
          ],
          "durationInNanos": 1073100
        }
      ],
      "casesAsTable": false,
      "durationInNanos": 1073100
    }
  ],
  "tagMap": {}
}